# JRE version: OpenJDK Runtime Environment Microsoft-8035246 (17.0.8+7) (build 17.0.8+7-LTS)
# Java VM: OpenJDK 64-Bit Server VM Microsoft-8035246 (17.0.8+7-LTS, mixed mode, sharing, tiered, compressed oops, compressed class ptrs, g1 gc, windows-amd64)
GC Precious Log:
 CPUs: 4 total, 4 available
 Memory: 7926M
 Large Page Support: Disabled
 NUMA Support: Disabled
 Compressed Oops: Enabled (32-bit)
 Heap Region Size: 1M
 Heap Min Capacity: 8M
 Heap Initial Capacity: 124M
 Heap Max Capacity: 2G
 Pre-touch: Disabled
 Parallel Workers: 4
 Concurrent Workers: 1
 Concurrent Refinement Workers: 4
 Periodic GC: Disabled
Heap:
 garbage-first heap   total 334848K, used 228941K [0x0000000080000000, 0x0000000100000000)
  region size 1024K, 16 young (16384K), 7 survivors (7168K)
 Metaspace       used 100785K, committed 102080K, reserved 557056K
  class space    used 14026K, committed 14656K, reserved 425984K
GC Heap History (20 events):
Event: 62.248 GC heap before
{Heap before GC invocations=57 (full 0):
 garbage-first heap   total 172032K, used 143495K [0x0000000080000000, 0x0000000100000000)
  region size 1024K, 45 young (46080K), 6 survivors (6144K)
 Metaspace       used 86498K, committed 87360K, reserved 557056K
  class space    used 12178K, committed 12608K, reserved 425984K
}
Event: 62.261 GC heap after
{Heap after GC invocations=58 (full 0):
 garbage-first heap   total 172032K, used 112369K [0x0000000080000000, 0x0000000100000000)
  region size 1024K, 6 young (6144K), 6 survivors (6144K)
 Metaspace       used 86498K, committed 87360K, reserved 557056K
  class space    used 12178K, committed 12608K, reserved 425984K
}
Event: 62.728 GC heap before
{Heap before GC invocations=58 (full 0):
 garbage-first heap   total 172032K, used 140017K [0x0000000080000000, 0x0000000100000000)
  region size 1024K, 33 young (33792K), 6 survivors (6144K)
 Metaspace       used 87543K, committed 88512K, reserved 557056K
  class space    used 12371K, committed 12800K, reserved 425984K
}
Event: 62.738 GC heap after
{Heap after GC invocations=59 (full 0):
 garbage-first heap   total 334848K, used 117421K [0x0000000080000000, 0x0000000100000000)
  region size 1024K, 5 young (5120K), 5 survivors (5120K)
 Metaspace       used 87543K, committed 88512K, reserved 557056K
  class space    used 12371K, committed 12800K, reserved 425984K
}
Event: 67.800 GC heap before
{Heap before GC invocations=59 (full 0):
 garbage-first heap   total 334848K, used 248493K [0x0000000080000000, 0x0000000100000000)
  region size 1024K, 128 young (131072K), 5 survivors (5120K)
 Metaspace       used 90582K, committed 91712K, reserved 557056K
  class space    used 12725K, committed 13248K, reserved 425984K
}
Event: 67.830 GC heap after
{Heap after GC invocations=60 (full 0):
 garbage-first heap   total 334848K, used 154483K [0x0000000080000000, 0x0000000100000000)
  region size 1024K, 16 young (16384K), 16 survivors (16384K)
 Metaspace       used 90582K, committed 91712K, reserved 557056K
  class space    used 12725K, committed 13248K, reserved 425984K
}
Event: 69.943 GC heap before
{Heap before GC invocations=60 (full 0):
 garbage-first heap   total 334848K, used 250739K [0x0000000080000000, 0x0000000100000000)
  region size 1024K, 108 young (110592K), 16 survivors (16384K)
 Metaspace       used 93216K, committed 94400K, reserved 557056K
  class space    used 13086K, committed 13632K, reserved 425984K
}
Event: 69.969 GC heap after
{Heap after GC invocations=61 (full 0):
 garbage-first heap   total 334848K, used 173568K [0x0000000080000000, 0x0000000100000000)
  region size 1024K, 14 young (14336K), 14 survivors (14336K)
 Metaspace       used 93216K, committed 94400K, reserved 557056K
  class space    used 13086K, committed 13632K, reserved 425984K
}
Event: 71.814 GC heap before
{Heap before GC invocations=61 (full 0):
 garbage-first heap   total 334848K, used 256512K [0x0000000080000000, 0x0000000100000000)
  region size 1024K, 95 young (97280K), 14 survivors (14336K)
 Metaspace       used 97896K, committed 99136K, reserved 557056K
  class space    used 13730K, committed 14336K, reserved 425984K
}
Event: 71.841 GC heap after
{Heap after GC invocations=62 (full 0):
 garbage-first heap   total 334848K, used 183781K [0x0000000080000000, 0x0000000100000000)
  region size 1024K, 9 young (9216K), 9 survivors (9216K)
 Metaspace       used 97896K, committed 99136K, reserved 557056K
  class space    used 13730K, committed 14336K, reserved 425984K
}
Event: 73.571 GC heap before
{Heap before GC invocations=62 (full 0):
 garbage-first heap   total 334848K, used 263653K [0x0000000080000000, 0x0000000100000000)
  region size 1024K, 87 young (89088K), 9 survivors (9216K)
 Metaspace       used 98839K, committed 100096K, reserved 557056K
  class space    used 13817K, committed 14464K, reserved 425984K
}
Event: 73.615 GC heap after
{Heap after GC invocations=63 (full 0):
 garbage-first heap   total 334848K, used 191488K [0x0000000080000000, 0x0000000100000000)
  region size 1024K, 8 young (8192K), 8 survivors (8192K)
 Metaspace       used 98839K, committed 100096K, reserved 557056K
  class space    used 13817K, committed 14464K, reserved 425984K
}
Event: 74.965 GC heap before
{Heap before GC invocations=63 (full 0):
 garbage-first heap   total 334848K, used 268288K [0x0000000080000000, 0x0000000100000000)
  region size 1024K, 83 young (84992K), 8 survivors (8192K)
 Metaspace       used 99870K, committed 101184K, reserved 557056K
  class space    used 13946K, committed 14592K, reserved 425984K
}
Event: 74.990 GC heap after
{Heap after GC invocations=64 (full 0):
 garbage-first heap   total 334848K, used 200078K [0x0000000080000000, 0x0000000100000000)
  region size 1024K, 9 young (9216K), 9 survivors (9216K)
 Metaspace       used 99870K, committed 101184K, reserved 557056K
  class space    used 13946K, committed 14592K, reserved 425984K
}
Event: 76.760 GC heap before
{Heap before GC invocations=64 (full 0):
 garbage-first heap   total 334848K, used 270734K [0x0000000080000000, 0x0000000100000000)
  region size 1024K, 79 young (80896K), 9 survivors (9216K)
 Metaspace       used 100539K, committed 101824K, reserved 557056K
  class space    used 14008K, committed 14656K, reserved 425984K
}
Event: 76.778 GC heap after
{Heap after GC invocations=65 (full 0):
 garbage-first heap   total 334848K, used 207011K [0x0000000080000000, 0x0000000100000000)
  region size 1024K, 7 young (7168K), 7 survivors (7168K)
 Metaspace       used 100539K, committed 101824K, reserved 557056K
  class space    used 14008K, committed 14656K, reserved 425984K
}
Event: 78.106 GC heap before
{Heap before GC invocations=65 (full 0):
 garbage-first heap   total 334848K, used 277667K [0x0000000080000000, 0x0000000100000000)
  region size 1024K, 73 young (74752K), 7 survivors (7168K)
 Metaspace       used 100581K, committed 101952K, reserved 557056K
  class space    used 14008K, committed 14656K, reserved 425984K
}
Event: 78.119 GC heap after
{Heap after GC invocations=66 (full 0):
 garbage-first heap   total 334848K, used 212369K [0x0000000080000000, 0x0000000100000000)
  region size 1024K, 7 young (7168K), 7 survivors (7168K)
 Metaspace       used 100581K, committed 101952K, reserved 557056K
  class space    used 14008K, committed 14656K, reserved 425984K
}
Event: 79.900 GC heap before
{Heap before GC invocations=66 (full 0):
 garbage-first heap   total 334848K, used 280977K [0x0000000080000000, 0x0000000100000000)
  region size 1024K, 71 young (72704K), 7 survivors (7168K)
 Metaspace       used 100772K, committed 102080K, reserved 557056K
  class space    used 14026K, committed 14656K, reserved 425984K
}
Event: 79.913 GC heap after
{Heap after GC invocations=67 (full 0):
 garbage-first heap   total 334848K, used 217677K [0x0000000080000000, 0x0000000100000000)
  region size 1024K, 7 young (7168K), 7 survivors (7168K)
 Metaspace       used 100772K, committed 102080K, reserved 557056K
  class space    used 14026K, committed 14656K, reserved 425984K
}

